********************************************************************************
DUPLICATOR-LITE PACKAGE-LOG: 2017-01-15 19:07:10
NOTICE: Do NOT post to public sites or forums 
********************************************************************************
VERSION:	1.1.26
WORDPRESS:	4.7.1
PHP INFO:	7.1.0 | SAPI: apache2handler
SERVER:		Apache/2.2.31 (Unix) mod_wsgi/3.5 Python/2.7.12 PHP/7.1.0 mod_ssl/2.2.31 OpenSSL/1.0.2j DAV/2 mod_fastcgi/2.4.6 mod_perl/2.0.9 Perl/v5.24.0 
PHP TIME LIMIT: (0) no time limit imposed 
PHP MAX MEMORY: 2048M (128M default) 
MEMORY STACK: 12MB 

********************************************************************************
DATABASE:
********************************************************************************
BUILD MODE:   PHP(query limit - 100)
MYSQLTIMEOUT: 5000
MYSQLDUMP:    Not Supported 
TABLES: total:13 | filtered:0 | create:13 
FILTERED: [] 
SQL CREATED: 20170112_whaleofatalecontent_587bc856e0a753202170115190702_database.sql 
SQL FILE SIZE: 610.5KB (625156) 
SQL FILE TIME: 2017-01-15 19:07:10 
SQL RUNTIME: 0.06 sec. 

******************************************************************************** 
ARCHIVE (ZIP): 
******************************************************************************** 
ARCHIVE DIR:  /Users/jason/Sites/else/woat 
ARCHIVE FILE: 20170112_whaleofatalecontent_587bc856e0a753202170115190702_archive.zip 
FILTERS: *ON* 
DIRS: /Users/jason/Sites/else/woat/wp-content/cache
      /Users/jason/Sites/else/woat/.git 
EXTS:  not set 
---------------------------------------- 
COMPRESSING 
SIZE:	25.64MB 
STATS:	Dirs 176 | Files 1,676 
SQL ADDED: 20170112_whaleofatalecontent_587bc856e0a753202170115190702_database.sql 
ZipArchive Object
(
    [status] => 0
    [statusSys] => 0
    [numFiles] => 1852
    [filename] => /Users/jason/Sites/else/woat/wp-snapshots/tmp/20170112_whaleofatalecontent_587bc856e0a753202170115190702_archive.zip
    [comment] => 
)
 
COMPRESSION RESULT: '1' 
COMPRESSED SIZE: 10.61MB 
ARCHIVE RUNTIME: 5.08 sec. 
MEMORY STACK: 14MB 

******************************************************************************** 
MAKE INSTALLER: 
******************************************************************************** 
Build Start 
Build Finished 
Preping for use 
Template parsed with new data 
Complete [/Users/jason/Sites/else/woat/wp-snapshots/tmp/20170112_whaleofatalecontent_587bc856e0a753202170115190702_installer.php] 
Added to archive 

******************************************************************************** 
INTEGRITY CHECKS: 
******************************************************************************** 
SQL File: 610.5KB 
Installer File: 352.5KB 
Archive File: 10.61MB  

********************************************************************************
RECORD ID:[2]
TOTAL PROCESS RUNTIME: 5.53 sec.
PEAK PHP MEMORY USED: 14MB
DONE PROCESSING => 20170112_whaleofatalecontent 2017-01-15 19:07:16
 
